配置: {'model_type': 'gru', 'use_attention': True, 'device': 'cuda', 'batch_size': 256, 'lr': 0.001, 'num_epoch': 20}
开始训练: 2025-12-26 23:58:33

=== Epoch 1/20 ===
Loss: 5.7508, BLEU: 1.58, 累计时间: 18.8s
Ref: Why are you [UNK] my son?
Hyp: Do you know to do you like
保存模型到 checkpoints/gru_attn_best.pt

=== Epoch 2/20 ===
Loss: 4.2402, BLEU: 4.25, 累计时间: 37.2s
Ref: Why are you [UNK] my son?
Hyp: Why did you tell me to me?
保存模型到 checkpoints/gru_attn_best.pt

=== Epoch 3/20 ===
Loss: 3.4179, BLEU: 6.56, 累计时间: 55.4s
Ref: Why are you [UNK] my son?
Hyp: Why did you give me the piano?
保存模型到 checkpoints/gru_attn_best.pt

=== Epoch 4/20 ===
Loss: 2.8122, BLEU: 8.82, 累计时间: 74.3s
Ref: Why are you [UNK] my son?
Hyp: Why did you give me the money?
保存模型到 checkpoints/gru_attn_best.pt

=== Epoch 5/20 ===
Loss: 2.3241, BLEU: 11.67, 累计时间: 92.5s
Ref: Why are you [UNK] my son?
Hyp: Why did you give me the money?
保存模型到 checkpoints/gru_attn_best.pt

=== Epoch 6/20 ===
Loss: 1.9151, BLEU: 14.07, 累计时间: 109.5s
Ref: Why are you [UNK] my son?
Hyp: Why did you give me the truth?
保存模型到 checkpoints/gru_attn_best.pt

=== Epoch 7/20 ===
Loss: 1.5681, BLEU: 16.12, 累计时间: 127.5s
Ref: Why are you [UNK] my son?
Hyp: Why do you give me the truth?
保存模型到 checkpoints/gru_attn_best.pt

=== Epoch 8/20 ===
Loss: 1.2763, BLEU: 17.06, 累计时间: 145.5s
Ref: Why are you [UNK] my son?
Hyp: Why do you give me the truth?
保存模型到 checkpoints/gru_attn_best.pt

=== Epoch 9/20 ===
Loss: 1.0373, BLEU: 18.13, 累计时间: 164.1s
Ref: Why are you [UNK] my son?
Hyp: Why did you give me the truth?
保存模型到 checkpoints/gru_attn_best.pt

=== Epoch 10/20 ===
Loss: 0.8430, BLEU: 19.07, 累计时间: 182.7s
Ref: Why are you [UNK] my son?
Hyp: Why do you resent my son.
保存模型到 checkpoints/gru_attn_best.pt

=== Epoch 11/20 ===
Loss: 0.6846, BLEU: 19.24, 累计时间: 200.8s
Ref: Why are you [UNK] my son?
Hyp: Why are you being of me?
保存模型到 checkpoints/gru_attn_best.pt

=== Epoch 12/20 ===
Loss: 0.5573, BLEU: 20.99, 累计时间: 219.4s
Ref: Why are you [UNK] my son?
Hyp: Why do you resent me?
保存模型到 checkpoints/gru_attn_best.pt

=== Epoch 13/20 ===
Loss: 0.4551, BLEU: 20.76, 累计时间: 236.7s
Ref: Why are you [UNK] my son?
Hyp: Why did you give me this?
无提升 (1/5)

=== Epoch 14/20 ===
Loss: 0.3705, BLEU: 21.21, 累计时间: 255.0s
Ref: Why are you [UNK] my son?
Hyp: Why did you give me the money?
保存模型到 checkpoints/gru_attn_best.pt

=== Epoch 15/20 ===
Loss: 0.3068, BLEU: 21.67, 累计时间: 269.9s
Ref: Why are you [UNK] my son?
Hyp: Why did you use my son a pencil?
保存模型到 checkpoints/gru_attn_best.pt

=== Epoch 16/20 ===
Loss: 0.2568, BLEU: 21.44, 累计时间: 288.4s
Ref: Why are you [UNK] my son?
Hyp: Why do you resent my son is this?
无提升 (1/5)

=== Epoch 17/20 ===
Loss: 0.2180, BLEU: 22.65, 累计时间: 306.7s
Ref: Why are you [UNK] my son?
Hyp: Why did you give me this?
保存模型到 checkpoints/gru_attn_best.pt

=== Epoch 18/20 ===
Loss: 0.1894, BLEU: 21.38, 累计时间: 324.0s
Ref: Why are you [UNK] my son?
Hyp: Why do you resent my son is this?
无提升 (1/5)

=== Epoch 19/20 ===
Loss: 0.1668, BLEU: 21.64, 累计时间: 341.3s
Ref: Why are you [UNK] my son?
Hyp: Why do you resent my son.
无提升 (2/5)

=== Epoch 20/20 ===
Loss: 0.1487, BLEU: 22.02, 累计时间: 357.7s
Ref: Why are you [UNK] my son?
Hyp: Why did you use my son.
无提升 (3/5)

=== 测试 ===
Test BLEU: 19.76
Best Valid BLEU: 22.65
结果保存到: logs/gru_attn.json
日志保存到: logs/gru_attn.log
图表保存到: figures/curves_gru_attn.png
